2025-07-04 17:56:59.834 [TestNG-tests-1] INFO  Weaversweb.test.TestListener - STARTED TEST: testValidLogin
2025-07-04 17:56:59.856 [TestNG-tests-1] INFO  com.Weaversweb.base.BasePage - Initialized page: LoginPage
2025-07-04 17:56:59.857 [TestNG-tests-1] INFO  com.Weaversweb.pages.LoginPage - Performing login action with provided credentials
2025-07-04 17:56:59.858 [TestNG-tests-1] INFO  com.Weaversweb.pages.LoginPage - Entering username: Admin
2025-07-04 17:56:59.859 [TestNG-tests-1] INFO  com.Weaversweb.base.BasePage - Typing 'Admin' in: input[name='username']
2025-07-04 17:57:00.244 [TestNG-tests-1] INFO  com.Weaversweb.pages.LoginPage - Entering password: admin123
2025-07-04 17:57:00.244 [TestNG-tests-1] INFO  com.Weaversweb.base.BasePage - Typing 'admin123' in: input[name='password']
2025-07-04 17:57:00.254 [TestNG-tests-1] INFO  com.Weaversweb.pages.LoginPage - Clicking login button
2025-07-04 17:57:00.254 [TestNG-tests-1] INFO  com.Weaversweb.base.BasePage - Clicking element: button[type='submit']
2025-07-04 17:57:00.509 [TestNG-tests-2] INFO  Weaversweb.test.TestListener - STARTED TEST: testValidLogin
2025-07-04 17:57:00.512 [TestNG-tests-2] INFO  com.Weaversweb.base.BasePage - Initialized page: LoginPage
2025-07-04 17:57:00.513 [TestNG-tests-2] INFO  com.Weaversweb.pages.LoginPage - Performing login action with provided credentials
2025-07-04 17:57:00.514 [TestNG-tests-2] INFO  com.Weaversweb.pages.LoginPage - Entering username: Admin
2025-07-04 17:57:00.514 [TestNG-tests-2] INFO  com.Weaversweb.base.BasePage - Typing 'Admin' in: input[name='username']
2025-07-04 17:57:00.989 [TestNG-tests-2] INFO  com.Weaversweb.pages.LoginPage - Entering password: admin123
2025-07-04 17:57:00.990 [TestNG-tests-2] INFO  com.Weaversweb.base.BasePage - Typing 'admin123' in: input[name='password']
2025-07-04 17:57:01.007 [TestNG-tests-2] INFO  com.Weaversweb.pages.LoginPage - Clicking login button
2025-07-04 17:57:01.007 [TestNG-tests-2] INFO  com.Weaversweb.base.BasePage - Clicking element: button[type='submit']
2025-07-04 17:57:01.768 [TestNG-tests-1] INFO  com.Weaversweb.pages.LoginPage - Fetching dashboard header text
2025-07-04 17:57:01.768 [TestNG-tests-1] INFO  com.Weaversweb.base.BasePage - Getting text from: h6.oxd-text.oxd-text--h6.oxd-topbar-header-breadcrumb-module
2025-07-04 17:57:02.683 [TestNG-tests-2] INFO  com.Weaversweb.pages.LoginPage - Fetching dashboard header text
2025-07-04 17:57:02.684 [TestNG-tests-2] INFO  com.Weaversweb.base.BasePage - Getting text from: h6.oxd-text.oxd-text--h6.oxd-topbar-header-breadcrumb-module
2025-07-04 17:57:02.734 [TestNG-tests-1] INFO  Weaversweb.test.TestListener - PASSED TEST: testValidLogin
2025-07-04 17:57:03.023 [TestNG-tests-1] INFO  Weaversweb.test.TestListener - TEST EXECUTION FINISHED
2025-07-04 17:57:03.317 [TestNG-tests-2] INFO  Weaversweb.test.TestListener - PASSED TEST: testValidLogin
2025-07-04 17:57:03.591 [TestNG-tests-2] INFO  Weaversweb.test.TestListener - TEST EXECUTION FINISHED
